{"/home/eropka/frontend-project-lvl2/src/diff.js": {"path":"/home/eropka/frontend-project-lvl2/src/diff.js","statementMap":{"0":{"start":{"line":3,"column":13},"end":{"line":63,"column":1}},"1":{"start":{"line":4,"column":17},"end":{"line":4,"column":53}},"2":{"start":{"line":4,"column":40},"end":{"line":4,"column":52}},"3":{"start":{"line":5,"column":17},"end":{"line":5,"column":53}},"4":{"start":{"line":5,"column":40},"end":{"line":5,"column":52}},"5":{"start":{"line":6,"column":26},"end":{"line":17,"column":3}},"6":{"start":{"line":7,"column":4},"end":{"line":15,"column":5}},"7":{"start":{"line":8,"column":32},"end":{"line":13,"column":8}},"8":{"start":{"line":9,"column":31},"end":{"line":9,"column":43}},"9":{"start":{"line":10,"column":8},"end":{"line":10,"column":37}},"10":{"start":{"line":11,"column":8},"end":{"line":11,"column":75}},"11":{"start":{"line":12,"column":8},"end":{"line":12,"column":30}},"12":{"start":{"line":14,"column":6},"end":{"line":14,"column":31}},"13":{"start":{"line":16,"column":4},"end":{"line":16,"column":20}},"14":{"start":{"line":18,"column":17},"end":{"line":47,"column":4}},"15":{"start":{"line":19,"column":4},"end":{"line":23,"column":5}},"16":{"start":{"line":20,"column":38},"end":{"line":20,"column":59}},"17":{"start":{"line":21,"column":6},"end":{"line":21,"column":82}},"18":{"start":{"line":22,"column":6},"end":{"line":22,"column":37}},"19":{"start":{"line":24,"column":20},"end":{"line":24,"column":22}},"20":{"start":{"line":25,"column":4},"end":{"line":25,"column":39}},"21":{"start":{"line":26,"column":4},"end":{"line":26,"column":26}},"22":{"start":{"line":27,"column":19},"end":{"line":27,"column":42}},"23":{"start":{"line":28,"column":20},"end":{"line":28,"column":96}},"24":{"start":{"line":28,"column":47},"end":{"line":28,"column":92}},"25":{"start":{"line":29,"column":19},"end":{"line":29,"column":35}},"26":{"start":{"line":30,"column":4},"end":{"line":33,"column":5}},"27":{"start":{"line":31,"column":6},"end":{"line":31,"column":46}},"28":{"start":{"line":32,"column":6},"end":{"line":32,"column":21}},"29":{"start":{"line":34,"column":4},"end":{"line":36,"column":5}},"30":{"start":{"line":35,"column":6},"end":{"line":35,"column":32}},"31":{"start":{"line":37,"column":4},"end":{"line":45,"column":5}},"32":{"start":{"line":38,"column":6},"end":{"line":38,"column":28}},"33":{"start":{"line":39,"column":6},"end":{"line":39,"column":49}},"34":{"start":{"line":40,"column":23},"end":{"line":40,"column":25}},"35":{"start":{"line":41,"column":6},"end":{"line":41,"column":35}},"36":{"start":{"line":42,"column":6},"end":{"line":42,"column":29}},"37":{"start":{"line":43,"column":6},"end":{"line":43,"column":50}},"38":{"start":{"line":44,"column":6},"end":{"line":44,"column":33}},"39":{"start":{"line":46,"column":4},"end":{"line":46,"column":19}},"40":{"start":{"line":48,"column":2},"end":{"line":60,"column":5}},"41":{"start":{"line":49,"column":4},"end":{"line":58,"column":5}},"42":{"start":{"line":50,"column":6},"end":{"line":57,"column":7}},"43":{"start":{"line":51,"column":25},"end":{"line":51,"column":58}},"44":{"start":{"line":52,"column":33},"end":{"line":52,"column":47}},"45":{"start":{"line":53,"column":8},"end":{"line":53,"column":45}},"46":{"start":{"line":54,"column":8},"end":{"line":54,"column":38}},"47":{"start":{"line":56,"column":8},"end":{"line":56,"column":29}},"48":{"start":{"line":59,"column":4},"end":{"line":59,"column":19}},"49":{"start":{"line":61,"column":23},"end":{"line":61,"column":47}},"50":{"start":{"line":62,"column":2},"end":{"line":62,"column":22}}},"fnMap":{"0":{"name":"(anonymous_0)","decl":{"start":{"line":3,"column":13},"end":{"line":3,"column":14}},"loc":{"start":{"line":3,"column":31},"end":{"line":63,"column":1}},"line":3},"1":{"name":"(anonymous_1)","decl":{"start":{"line":4,"column":27},"end":{"line":4,"column":28}},"loc":{"start":{"line":4,"column":40},"end":{"line":4,"column":52}},"line":4},"2":{"name":"(anonymous_2)","decl":{"start":{"line":5,"column":27},"end":{"line":5,"column":28}},"loc":{"start":{"line":5,"column":40},"end":{"line":5,"column":52}},"line":5},"3":{"name":"(anonymous_3)","decl":{"start":{"line":6,"column":26},"end":{"line":6,"column":27}},"loc":{"start":{"line":6,"column":40},"end":{"line":17,"column":3}},"line":6},"4":{"name":"(anonymous_4)","decl":{"start":{"line":8,"column":45},"end":{"line":8,"column":46}},"loc":{"start":{"line":8,"column":56},"end":{"line":13,"column":7}},"line":8},"5":{"name":"(anonymous_5)","decl":{"start":{"line":18,"column":31},"end":{"line":18,"column":32}},"loc":{"start":{"line":18,"column":51},"end":{"line":47,"column":3}},"line":18},"6":{"name":"(anonymous_6)","decl":{"start":{"line":28,"column":33},"end":{"line":28,"column":34}},"loc":{"start":{"line":28,"column":47},"end":{"line":28,"column":92}},"line":28},"7":{"name":"(anonymous_7)","decl":{"start":{"line":48,"column":12},"end":{"line":48,"column":13}},"loc":{"start":{"line":48,"column":25},"end":{"line":60,"column":3}},"line":48}},"branchMap":{"0":{"loc":{"start":{"line":7,"column":4},"end":{"line":15,"column":5}},"type":"if","locations":[{"start":{"line":7,"column":4},"end":{"line":15,"column":5}},{"start":{},"end":{}}],"line":7},"1":{"loc":{"start":{"line":19,"column":4},"end":{"line":23,"column":5}},"type":"if","locations":[{"start":{"line":19,"column":4},"end":{"line":23,"column":5}},{"start":{},"end":{}}],"line":19},"2":{"loc":{"start":{"line":30,"column":4},"end":{"line":33,"column":5}},"type":"if","locations":[{"start":{"line":30,"column":4},"end":{"line":33,"column":5}},{"start":{},"end":{}}],"line":30},"3":{"loc":{"start":{"line":30,"column":8},"end":{"line":30,"column":54}},"type":"binary-expr","locations":[{"start":{"line":30,"column":8},"end":{"line":30,"column":29}},{"start":{"line":30,"column":33},"end":{"line":30,"column":54}}],"line":30},"4":{"loc":{"start":{"line":34,"column":4},"end":{"line":36,"column":5}},"type":"if","locations":[{"start":{"line":34,"column":4},"end":{"line":36,"column":5}},{"start":{},"end":{}}],"line":34},"5":{"loc":{"start":{"line":37,"column":4},"end":{"line":45,"column":5}},"type":"if","locations":[{"start":{"line":37,"column":4},"end":{"line":45,"column":5}},{"start":{},"end":{}}],"line":37},"6":{"loc":{"start":{"line":37,"column":8},"end":{"line":37,"column":65}},"type":"binary-expr","locations":[{"start":{"line":37,"column":8},"end":{"line":37,"column":44}},{"start":{"line":37,"column":48},"end":{"line":37,"column":65}}],"line":37},"7":{"loc":{"start":{"line":49,"column":4},"end":{"line":58,"column":5}},"type":"if","locations":[{"start":{"line":49,"column":4},"end":{"line":58,"column":5}},{"start":{},"end":{}}],"line":49},"8":{"loc":{"start":{"line":50,"column":6},"end":{"line":57,"column":7}},"type":"if","locations":[{"start":{"line":50,"column":6},"end":{"line":57,"column":7}},{"start":{"line":55,"column":13},"end":{"line":57,"column":7}}],"line":50}},"s":{"0":1,"1":5,"2":13,"3":5,"4":16,"5":5,"6":21,"7":7,"8":9,"9":9,"10":9,"11":9,"12":7,"13":14,"14":5,"15":13,"16":2,"17":2,"18":2,"19":11,"20":11,"21":11,"22":11,"23":11,"24":40,"25":11,"26":11,"27":4,"28":4,"29":7,"30":3,"31":7,"32":4,"33":4,"34":4,"35":4,"36":4,"37":4,"38":4,"39":3,"40":5,"41":16,"42":5,"43":2,"44":2,"45":2,"46":2,"47":3,"48":16,"49":5,"50":5},"f":{"0":5,"1":13,"2":16,"3":21,"4":9,"5":13,"6":40,"7":16},"b":{"0":[7,14],"1":[2,11],"2":[4,7],"3":[11,5],"4":[3,4],"5":[4,3],"6":[7,7],"7":[5,11],"8":[2,3]},"_coverageSchema":"1a1c01bbd47fc00a2c39e90264f33305004495a9","hash":"fd6432c8d7b34a7b3f495f00851668964e3fbc73"}
,"/home/eropka/frontend-project-lvl2/src/makeAST.js": {"path":"/home/eropka/frontend-project-lvl2/src/makeAST.js","statementMap":{"0":{"start":{"line":3,"column":16},"end":{"line":18,"column":1}},"1":{"start":{"line":4,"column":15},"end":{"line":4,"column":32}},"2":{"start":{"line":5,"column":17},"end":{"line":16,"column":4}},"3":{"start":{"line":6,"column":20},"end":{"line":6,"column":22}},"4":{"start":{"line":7,"column":4},"end":{"line":7,"column":23}},"5":{"start":{"line":8,"column":4},"end":{"line":8,"column":28}},"6":{"start":{"line":9,"column":4},"end":{"line":11,"column":5}},"7":{"start":{"line":10,"column":6},"end":{"line":10,"column":54}},"8":{"start":{"line":12,"column":4},"end":{"line":14,"column":5}},"9":{"start":{"line":13,"column":6},"end":{"line":13,"column":35}},"10":{"start":{"line":15,"column":4},"end":{"line":15,"column":19}},"11":{"start":{"line":17,"column":2},"end":{"line":17,"column":16}}},"fnMap":{"0":{"name":"(anonymous_0)","decl":{"start":{"line":3,"column":16},"end":{"line":3,"column":17}},"loc":{"start":{"line":3,"column":34},"end":{"line":18,"column":1}},"line":3},"1":{"name":"(anonymous_1)","decl":{"start":{"line":5,"column":26},"end":{"line":5,"column":27}},"loc":{"start":{"line":5,"column":35},"end":{"line":16,"column":3}},"line":5}},"branchMap":{"0":{"loc":{"start":{"line":9,"column":4},"end":{"line":11,"column":5}},"type":"if","locations":[{"start":{"line":9,"column":4},"end":{"line":11,"column":5}},{"start":{},"end":{}}],"line":9},"1":{"loc":{"start":{"line":12,"column":4},"end":{"line":14,"column":5}},"type":"if","locations":[{"start":{"line":12,"column":4},"end":{"line":14,"column":5}},{"start":{},"end":{}}],"line":12}},"s":{"0":1,"1":8,"2":8,"3":17,"4":17,"5":17,"6":17,"7":7,"8":17,"9":10,"10":17,"11":8},"f":{"0":8,"1":17},"b":{"0":[7,10],"1":[10,7]},"_coverageSchema":"1a1c01bbd47fc00a2c39e90264f33305004495a9","hash":"e04869f44bf43163536932b5198670e52b45d91e"}
,"/home/eropka/frontend-project-lvl2/src/parser.js": {"path":"/home/eropka/frontend-project-lvl2/src/parser.js","statementMap":{"0":{"start":{"line":5,"column":15},"end":{"line":23,"column":1}},"1":{"start":{"line":6,"column":22},"end":{"line":6,"column":48}},"2":{"start":{"line":7,"column":2},"end":{"line":11,"column":3}},"3":{"start":{"line":8,"column":19},"end":{"line":8,"column":38}},"4":{"start":{"line":9,"column":4},"end":{"line":9,"column":24}},"5":{"start":{"line":10,"column":4},"end":{"line":10,"column":18}},"6":{"start":{"line":12,"column":2},"end":{"line":16,"column":3}},"7":{"start":{"line":13,"column":19},"end":{"line":13,"column":41}},"8":{"start":{"line":14,"column":4},"end":{"line":14,"column":24}},"9":{"start":{"line":15,"column":4},"end":{"line":15,"column":18}},"10":{"start":{"line":17,"column":2},"end":{"line":20,"column":3}},"11":{"start":{"line":18,"column":19},"end":{"line":18,"column":56}},"12":{"start":{"line":19,"column":4},"end":{"line":19,"column":18}},"13":{"start":{"line":21,"column":17},"end":{"line":21,"column":53}},"14":{"start":{"line":22,"column":2},"end":{"line":22,"column":16}}},"fnMap":{"0":{"name":"(anonymous_0)","decl":{"start":{"line":5,"column":15},"end":{"line":5,"column":16}},"loc":{"start":{"line":5,"column":29},"end":{"line":23,"column":1}},"line":5}},"branchMap":{"0":{"loc":{"start":{"line":7,"column":2},"end":{"line":11,"column":3}},"type":"if","locations":[{"start":{"line":7,"column":2},"end":{"line":11,"column":3}},{"start":{},"end":{}}],"line":7},"1":{"loc":{"start":{"line":12,"column":2},"end":{"line":16,"column":3}},"type":"if","locations":[{"start":{"line":12,"column":2},"end":{"line":16,"column":3}},{"start":{},"end":{}}],"line":12},"2":{"loc":{"start":{"line":17,"column":2},"end":{"line":20,"column":3}},"type":"if","locations":[{"start":{"line":17,"column":2},"end":{"line":20,"column":3}},{"start":{},"end":{}}],"line":17}},"s":{"0":1,"1":4,"2":4,"3":1,"4":1,"5":1,"6":3,"7":1,"8":1,"9":1,"10":2,"11":1,"12":1,"13":1,"14":1},"f":{"0":4},"b":{"0":[1,3],"1":[1,2],"2":[1,1]},"_coverageSchema":"1a1c01bbd47fc00a2c39e90264f33305004495a9","hash":"624cc69cf2911f7795d6522c8b45ebaa0fd7d3c1"}
,"/home/eropka/frontend-project-lvl2/src/stylish.js": {"path":"/home/eropka/frontend-project-lvl2/src/stylish.js","statementMap":{"0":{"start":{"line":1,"column":16},"end":{"line":22,"column":1}},"1":{"start":{"line":2,"column":17},"end":{"line":20,"column":9}},"2":{"start":{"line":3,"column":19},"end":{"line":3,"column":21}},"3":{"start":{"line":4,"column":4},"end":{"line":4,"column":24}},"4":{"start":{"line":5,"column":4},"end":{"line":5,"column":34}},"5":{"start":{"line":6,"column":4},"end":{"line":6,"column":32}},"6":{"start":{"line":7,"column":4},"end":{"line":7,"column":30}},"7":{"start":{"line":8,"column":4},"end":{"line":18,"column":5}},"8":{"start":{"line":9,"column":6},"end":{"line":9,"column":13}},"9":{"start":{"line":10,"column":6},"end":{"line":10,"column":24}},"10":{"start":{"line":11,"column":6},"end":{"line":11,"column":48}},"11":{"start":{"line":12,"column":6},"end":{"line":15,"column":7}},"12":{"start":{"line":13,"column":8},"end":{"line":13,"column":46}},"13":{"start":{"line":14,"column":8},"end":{"line":14,"column":15}},"14":{"start":{"line":17,"column":6},"end":{"line":17,"column":43}},"15":{"start":{"line":19,"column":4},"end":{"line":19,"column":33}},"16":{"start":{"line":21,"column":2},"end":{"line":21,"column":16}}},"fnMap":{"0":{"name":"(anonymous_0)","decl":{"start":{"line":1,"column":16},"end":{"line":1,"column":17}},"loc":{"start":{"line":1,"column":29},"end":{"line":22,"column":1}},"line":1},"1":{"name":"(anonymous_1)","decl":{"start":{"line":2,"column":29},"end":{"line":2,"column":30}},"loc":{"start":{"line":2,"column":47},"end":{"line":20,"column":3}},"line":2}},"branchMap":{"0":{"loc":{"start":{"line":8,"column":4},"end":{"line":18,"column":5}},"type":"if","locations":[{"start":{"line":8,"column":4},"end":{"line":18,"column":5}},{"start":{"line":16,"column":11},"end":{"line":18,"column":5}}],"line":8},"1":{"loc":{"start":{"line":12,"column":6},"end":{"line":15,"column":7}},"type":"if","locations":[{"start":{"line":12,"column":6},"end":{"line":15,"column":7}},{"start":{},"end":{}}],"line":12}},"s":{"0":1,"1":12,"2":31,"3":31,"4":31,"5":31,"6":31,"7":31,"8":11,"9":11,"10":11,"11":11,"12":11,"13":11,"14":20,"15":31,"16":12},"f":{"0":12,"1":31},"b":{"0":[11,20],"1":[11,0]},"_coverageSchema":"1a1c01bbd47fc00a2c39e90264f33305004495a9","hash":"a527f652625b97f30111e47061315716de4453e2"}
}
