TN:
SF:src/diff.js
FN:3,(anonymous_0)
FN:4,(anonymous_1)
FN:5,(anonymous_2)
FN:6,(anonymous_3)
FN:8,(anonymous_4)
FN:18,(anonymous_5)
FN:28,(anonymous_6)
FN:48,(anonymous_7)
FNF:8
FNH:8
FNDA:5,(anonymous_0)
FNDA:13,(anonymous_1)
FNDA:16,(anonymous_2)
FNDA:21,(anonymous_3)
FNDA:9,(anonymous_4)
FNDA:13,(anonymous_5)
FNDA:40,(anonymous_6)
FNDA:16,(anonymous_7)
DA:3,1
DA:4,13
DA:5,16
DA:6,5
DA:7,21
DA:8,7
DA:9,9
DA:10,9
DA:11,9
DA:12,9
DA:14,7
DA:16,14
DA:18,5
DA:19,13
DA:20,2
DA:21,2
DA:22,2
DA:24,11
DA:25,11
DA:26,11
DA:27,11
DA:28,40
DA:29,11
DA:30,11
DA:31,4
DA:32,4
DA:34,7
DA:35,3
DA:37,7
DA:38,4
DA:39,4
DA:40,4
DA:41,4
DA:42,4
DA:43,4
DA:44,4
DA:46,3
DA:48,5
DA:49,16
DA:50,5
DA:51,2
DA:52,2
DA:53,2
DA:54,2
DA:56,3
DA:59,16
DA:61,5
DA:62,5
LF:48
LH:48
BRDA:7,0,0,7
BRDA:7,0,1,14
BRDA:19,1,0,2
BRDA:19,1,1,11
BRDA:30,2,0,4
BRDA:30,2,1,7
BRDA:30,3,0,11
BRDA:30,3,1,5
BRDA:34,4,0,3
BRDA:34,4,1,4
BRDA:37,5,0,4
BRDA:37,5,1,3
BRDA:37,6,0,7
BRDA:37,6,1,7
BRDA:49,7,0,5
BRDA:49,7,1,11
BRDA:50,8,0,2
BRDA:50,8,1,3
BRF:18
BRH:18
end_of_record
TN:
SF:src/makeAST.js
FN:3,(anonymous_0)
FN:5,(anonymous_1)
FNF:2
FNH:2
FNDA:8,(anonymous_0)
FNDA:17,(anonymous_1)
DA:3,1
DA:4,8
DA:5,8
DA:6,17
DA:7,17
DA:8,17
DA:9,17
DA:10,7
DA:12,17
DA:13,10
DA:15,17
DA:17,8
LF:12
LH:12
BRDA:9,0,0,7
BRDA:9,0,1,10
BRDA:12,1,0,10
BRDA:12,1,1,7
BRF:4
BRH:4
end_of_record
TN:
SF:src/parser.js
FN:5,(anonymous_0)
FNF:1
FNH:1
FNDA:4,(anonymous_0)
DA:5,1
DA:6,4
DA:7,4
DA:8,1
DA:9,1
DA:10,1
DA:12,3
DA:13,1
DA:14,1
DA:15,1
DA:17,2
DA:18,1
DA:19,1
DA:21,1
DA:22,1
LF:15
LH:15
BRDA:7,0,0,1
BRDA:7,0,1,3
BRDA:12,1,0,1
BRDA:12,1,1,2
BRDA:17,2,0,1
BRDA:17,2,1,1
BRF:6
BRH:6
end_of_record
TN:
SF:src/stylish.js
FN:1,(anonymous_0)
FN:2,(anonymous_1)
FNF:2
FNH:2
FNDA:12,(anonymous_0)
FNDA:31,(anonymous_1)
DA:1,1
DA:2,12
DA:3,31
DA:4,31
DA:5,31
DA:6,31
DA:7,31
DA:8,31
DA:9,11
DA:10,11
DA:11,11
DA:12,11
DA:13,11
DA:14,11
DA:17,20
DA:19,31
DA:21,12
LF:17
LH:17
BRDA:8,0,0,11
BRDA:8,0,1,20
BRDA:12,1,0,11
BRDA:12,1,1,0
BRF:4
BRH:3
end_of_record
